<?xml version="1.0" encoding="UTF-8"?>
<testng-results skipped="0" failed="0" ignored="0" total="1" passed="1">
  <reporter-output>
  </reporter-output>
  <suite name="Automation practice test suite" duration-ms="14028" started-at="2020-02-27T10:43:42 IST" finished-at="2020-02-27T10:43:56 IST">
    <groups>
    </groups>
    <test name="Automation practice test" duration-ms="14028" started-at="2020-02-27T10:43:42 IST" finished-at="2020-02-27T10:43:56 IST">
      <class name="com.parameters.parameterTest">
        <test-method status="PASS" signature="AutomationPracticeLoginTest(java.lang.String, java.lang.String, java.lang.String, java.lang.String)[pri:0, instance:com.parameters.parameterTest@1f021e6c]" name="AutomationPracticeLoginTest" duration-ms="13987" started-at="2020-02-27T10:43:42 IST" finished-at="2020-02-27T10:43:56 IST">
          <params>
            <param index="0">
              <value>
                <![CDATA[chrome]]>
              </value>
            </param>
            <param index="1">
              <value>
                <![CDATA[http://automationpractice.com/index.php?controller=authentication]]>
              </value>
            </param>
            <param index="2">
              <value>
                <![CDATA[vineeth.g773@gmail.com]]>
              </value>
            </param>
            <param index="3">
              <value>
                <![CDATA[Automation]]>
              </value>
            </param>
          </params>
          <reporter-output>
          </reporter-output>
        </test-method> <!-- AutomationPracticeLoginTest -->
      </class> <!-- com.parameters.parameterTest -->
    </test> <!-- Automation practice test -->
  </suite> <!-- Automation practice test suite -->
</testng-results>
